<?xml version="1.0" encoding="UTF-8"?>
<testng-results skipped="0" failed="0" ignored="0" total="1" passed="1">
  <reporter-output>
  </reporter-output>
  <suite name="DriverFactory.AppTest" duration-ms="482027" started-at="2019-01-30T13:23:46Z" finished-at="2019-01-30T13:31:48Z">
    <groups>
    </groups>
    <test name="Command line test" duration-ms="482027" started-at="2019-01-30T13:23:46Z" finished-at="2019-01-30T13:31:48Z">
      <class name="DriverFactory.AppTest">
        <test-method status="PASS" signature="kickStart()[pri:0, instance:DriverFactory.AppTest@531be3c5]" name="kickStart" duration-ms="482011" started-at="2019-01-30T13:23:46Z" finished-at="2019-01-30T13:31:48Z">
          <reporter-output>
          </reporter-output>
        </test-method> <!-- kickStart -->
      </class> <!-- DriverFactory.AppTest -->
    </test> <!-- Command line test -->
  </suite> <!-- DriverFactory.AppTest -->
</testng-results>
