<?xml version="1.0" encoding="UTF-8"?>
<testng-results skipped="0" failed="0" ignored="0" total="1" passed="1">
  <reporter-output>
  </reporter-output>
  <suite name="Default suite" duration-ms="915261" started-at="2019-03-15T16:48:21Z" finished-at="2019-03-15T17:03:36Z">
    <groups>
    </groups>
    <test name="Default test" duration-ms="915261" started-at="2019-03-15T16:48:21Z" finished-at="2019-03-15T17:03:36Z">
      <class name="DriverFactory.AppTest">
        <test-method status="PASS" signature="kickStart()[pri:0, instance:DriverFactory.AppTest@5f2108b5]" name="kickStart" duration-ms="915242" started-at="2019-03-15T16:48:21Z" finished-at="2019-03-15T17:03:36Z">
          <reporter-output>
          </reporter-output>
        </test-method> <!-- kickStart -->
      </class> <!-- DriverFactory.AppTest -->
    </test> <!-- Default test -->
  </suite> <!-- Default suite -->
</testng-results>
